Compiled jquery.js  (24ms)  (pid 10747)
Compiled jquery_ujs.js  (0ms)  (pid 10747)
Compiled application.js  (35ms)  (pid 10747)
Compiled application.css  (0ms)  (pid 10747)
Compiled bootstrap.min.css  (0ms)  (pid 10747)
Compiled jquery.js  (1ms)  (pid 10824)
Compiled jquery_ujs.js  (0ms)  (pid 10824)
Compiled application.js  (34ms)  (pid 10824)
Compiled application.css  (0ms)  (pid 10824)
Compiled bootstrap.min.css  (0ms)  (pid 10824)
Compiled jquery.js  (24ms)  (pid 12556)
Compiled jquery_ujs.js  (0ms)  (pid 12556)
Compiled application.js  (36ms)  (pid 12556)
Compiled application.css  (0ms)  (pid 12556)
Compiled bootstrap.min.css  (0ms)  (pid 12556)
Compiled jquery.js  (1ms)  (pid 13300)
Compiled jquery_ujs.js  (0ms)  (pid 13300)
Compiled application.js  (34ms)  (pid 13300)
Compiled bootstrap.min.css  (0ms)  (pid 13300)
Compiled dayreel.css  (0ms)  (pid 13300)
Warning. Error encountered while saving cache /home/aidan/workspace/odesk/donna/heroku/dayreel/tmp/cache/sass/86157bf78dad263cc2a03516276411b804f7a637/home.css.scssc: can't dump anonymous class #<Class:0x0000000155b080>
Compiled home.css  (5ms)  (pid 13300)
Compiled sliders.css  (0ms)  (pid 13300)
Compiled application.css  (45ms)  (pid 13300)
Compiled jquery.js  (1ms)  (pid 13354)
Compiled jquery_ujs.js  (0ms)  (pid 13354)
Compiled bootstrap.min.js  (0ms)  (pid 13354)
Compiled dayreel.js  (0ms)  (pid 13354)
Compiled home.js  (53ms)  (pid 13354)
Compiled slidebars.js  (0ms)  (pid 13354)
Compiled application.js  (138ms)  (pid 13354)
Compiled bootstrap.min.css  (21ms)  (pid 13354)
Compiled dayreel.css  (0ms)  (pid 13354)
Warning. Error encountered while saving cache /home/aidan/workspace/odesk/donna/heroku/dayreel/tmp/cache/sass/86157bf78dad263cc2a03516276411b804f7a637/home.css.scssc: can't dump anonymous class #<Class:0x000000022fd170>
Compiled home.css  (5ms)  (pid 13354)
Compiled sliders.css  (0ms)  (pid 13354)
Compiled application.css  (43ms)  (pid 13354)
Compiled jquery.js  (1ms)  (pid 14374)
Compiled jquery_ujs.js  (0ms)  (pid 14374)
Compiled bootstrap.min.js  (0ms)  (pid 14374)
Compiled dayreel.js  (0ms)  (pid 14374)
Compiled home.js  (53ms)  (pid 14374)
Compiled slidebars.js  (0ms)  (pid 14374)
Compiled application.js  (160ms)  (pid 14374)
Compiled bootstrap.min.css  (21ms)  (pid 14374)
Compiled dayreel.css  (0ms)  (pid 14374)
Warning. Error encountered while saving cache /home/aidan/workspace/odesk/donna/heroku/dayreel/tmp/cache/sass/86157bf78dad263cc2a03516276411b804f7a637/home.css.scssc: can't dump anonymous class #<Class:0x000000012b3968>
Compiled home.css  (5ms)  (pid 14374)
Compiled sliders.css  (0ms)  (pid 14374)
Compiled application.css  (43ms)  (pid 14374)
Compiled jquery.js  (1ms)  (pid 16657)
Compiled jquery_ujs.js  (0ms)  (pid 16657)
Compiled bootstrap.min.js  (0ms)  (pid 16657)
Compiled dayreel.js  (0ms)  (pid 16657)
Compiled home.js  (55ms)  (pid 16657)
Compiled portfolio.js  (1ms)  (pid 16657)
Compiled slidebars.js  (0ms)  (pid 16657)
Compiled application.js  (110ms)  (pid 16657)
Compiled bootstrap.min.css  (0ms)  (pid 16657)
Compiled dayreel.css  (0ms)  (pid 16657)
Warning. Error encountered while saving cache /home/aidan/workspace/odesk/donna/heroku/dayreel/tmp/cache/sass/86157bf78dad263cc2a03516276411b804f7a637/home.css.scssc: can't dump anonymous class #<Class:0x00000002b0f020>
Compiled home.css  (5ms)  (pid 16657)
Warning. Error encountered while saving cache /home/aidan/workspace/odesk/donna/heroku/dayreel/tmp/cache/sass/86157bf78dad263cc2a03516276411b804f7a637/portfolio.css.scssc: can't dump anonymous class #<Class:0x00000002b0f020>
Compiled portfolio.css  (1ms)  (pid 16657)
Compiled sliders.css  (0ms)  (pid 16657)
Compiled application.css  (48ms)  (pid 16657)
